<?xml version="1.0" encoding="UTF-8"?>
<!-- Generated by org.testng.reporters.JUnitReportReporter -->
<testsuite hostname="CL-NB-353" name="belcorp.test.LoginBusquedaProducto.CPA_09_Busqueda_Categoria" tests="1" failures="0" timestamp="3 Oct 2017 12:59:22 GMT" time="18.938" errors="0">
  <testcase name="CPA_09" time="18.938" classname="belcorp.test.LoginBusquedaProducto.CPA_09_Busqueda_Categoria"/>
</testsuite> <!-- belcorp.test.LoginBusquedaProducto.CPA_09_Busqueda_Categoria -->
