<?xml version="1.0" encoding="UTF-8"?>
<!-- Generated by org.testng.reporters.JUnitReportReporter -->
<testsuite hostname="CL-NB-353" name="belcorp.test.Checkout.CPA_021_Registrar_DireccionDefecto_Comprar" tests="1" failures="0" timestamp="12 Oct 2017 10:29:41 GMT" time="126.427" errors="0">
  <testcase name="Registrar_DireccionDefecto_Comprar" time="126.427" classname="belcorp.test.Checkout.CPA_021_Registrar_DireccionDefecto_Comprar"/>
</testsuite> <!-- belcorp.test.Checkout.CPA_021_Registrar_DireccionDefecto_Comprar -->
