<?xml version="1.0" encoding="UTF-8"?>
<!-- Generated by org.testng.reporters.JUnitReportReporter -->
<testsuite hostname="CL-NB-353" name="belcorp.test.CarritoBolsaCompra.CPA_19_C_Compra_Agregar_Continua_Comprando" tests="1" failures="0" timestamp="5 Oct 2017 21:51:44 GMT" time="21.677" errors="0">
  <testcase name="CPA_19" time="21.677" classname="belcorp.test.CarritoBolsaCompra.CPA_19_C_Compra_Agregar_Continua_Comprando"/>
</testsuite> <!-- belcorp.test.CarritoBolsaCompra.CPA_19_C_Compra_Agregar_Continua_Comprando -->
