<?xml version="1.0" encoding="UTF-8"?>
<!-- Generated by org.testng.reporters.JUnitReportReporter -->
<testsuite hostname="CL-NB-353" name="belcorp.test.CarritoBolsaCompra.CPA_16_Cupon_Valido_Contiua_Comprando" tests="1" failures="0" timestamp="10 Oct 2017 04:21:31 GMT" time="51.884" errors="0">
  <testcase name="Cupon_Valido_Contiua_Comprando" time="51.884" classname="belcorp.test.CarritoBolsaCompra.CPA_16_Cupon_Valido_Contiua_Comprando"/>
</testsuite> <!-- belcorp.test.CarritoBolsaCompra.CPA_16_Cupon_Valido_Contiua_Comprando -->
