<?xml version="1.0" encoding="UTF-8"?>
<!-- Generated by org.testng.reporters.JUnitReportReporter -->
<testsuite hostname="CL-NB-328" name="belcorp.test.LoginBusquedaProducto.CPA_10_Busqueda_Cat_SubCategoria" tests="1" failures="0" timestamp="6 Oct 2017 18:03:23 GMT" time="39.247" errors="0">
  <testcase name="Busqueda_Cat_SubCategoria" time="39.247" classname="belcorp.test.LoginBusquedaProducto.CPA_10_Busqueda_Cat_SubCategoria"/>
</testsuite> <!-- belcorp.test.LoginBusquedaProducto.CPA_10_Busqueda_Cat_SubCategoria -->
