<?xml version="1.0" encoding="UTF-8"?>
<!-- Generated by org.testng.reporters.JUnitReportReporter -->
<testsuite hostname="CL-NB-353" name="belcorp.test.CarritoBolsaCompra.CPA_17_Eliminar_Prod_A_Cupon_Valido_C_Comprando" tests="1" failures="0" timestamp="5 Oct 2017 21:49:54 GMT" time="43.038" errors="0">
  <testcase name="CPA_17" time="43.038" classname="belcorp.test.CarritoBolsaCompra.CPA_17_Eliminar_Prod_A_Cupon_Valido_C_Comprando"/>
</testsuite> <!-- belcorp.test.CarritoBolsaCompra.CPA_17_Eliminar_Prod_A_Cupon_Valido_C_Comprando -->
