<?xml version="1.0" encoding="UTF-8"?>
<!-- Generated by org.testng.reporters.JUnitReportReporter -->
<testsuite hostname="CL-NB-353" name="belcorp.test.LoginBusquedaProducto.CPA_09_Busqueda_Categoria" tests="1" failures="0" timestamp="12 Oct 2017 18:43:25 GMT" time="5.006" errors="1">
  <testcase name="Busqueda_Categoria" time="5.006" classname="belcorp.test.LoginBusquedaProducto.CPA_09_Busqueda_Categoria">
    <error type="org.testng.internal.thread.ThreadTimeoutException" message="Method org.testng.internal.TestNGMethod.Busqueda_Categoria() didn&#039;t finish within the time-out 5000">
      <![CDATA[org.testng.internal.thread.ThreadTimeoutException: Method org.testng.internal.TestNGMethod.Busqueda_Categoria() didn't finish within the time-out 5000
	at java.lang.Thread.sleep(Native Method)
	at org.openqa.selenium.internal.SocketLock.lock(SocketLock.java:91)
	at org.openqa.selenium.firefox.internal.NewProfileExtensionConnection.start(NewProfileExtensionConnection.java:80)
	at org.openqa.selenium.firefox.FirefoxDriver.startClient(FirefoxDriver.java:271)
	at org.openqa.selenium.remote.RemoteWebDriver.<init>(RemoteWebDriver.java:119)
	at org.openqa.selenium.firefox.FirefoxDriver.<init>(FirefoxDriver.java:216)
	at org.openqa.selenium.firefox.FirefoxDriver.<init>(FirefoxDriver.java:211)
	at org.openqa.selenium.firefox.FirefoxDriver.<init>(FirefoxDriver.java:207)
	at org.openqa.selenium.firefox.FirefoxDriver.<init>(FirefoxDriver.java:120)
	at belcorp.utils.BrowserFactory.startBrowser(BrowserFactory.java:25)
	at belcorp.test.LoginBusquedaProducto.CPA_09_Busqueda_Categoria.Busqueda_Categoria(CPA_09_Busqueda_Categoria.java:35)
	at sun.reflect.NativeMethodAccessorImpl.invoke0(Native Method)
	at sun.reflect.NativeMethodAccessorImpl.invoke(Unknown Source)
	at sun.reflect.DelegatingMethodAccessorImpl.invoke(Unknown Source)
	at java.lang.reflect.Method.invoke(Unknown Source)
	at org.testng.internal.MethodInvocationHelper.invokeMethod(MethodInvocationHelper.java:86)
	at org.testng.internal.InvokeMethodRunnable.runOne(InvokeMethodRunnable.java:54)
	at org.testng.internal.InvokeMethodRunnable.run(InvokeMethodRunnable.java:44)
	at java.util.concurrent.Executors$RunnableAdapter.call(Unknown Source)
	at java.util.concurrent.FutureTask.run(Unknown Source)
	at java.util.concurrent.ThreadPoolExecutor.runWorker(Unknown Source)
	at java.util.concurrent.ThreadPoolExecutor$Worker.run(Unknown Source)
	at java.lang.Thread.run(Unknown Source)
]]>
    </error>
  </testcase> <!-- Busqueda_Categoria -->
</testsuite> <!-- belcorp.test.LoginBusquedaProducto.CPA_09_Busqueda_Categoria -->
