<?xml version="1.0" encoding="UTF-8"?>
<!-- Generated by org.testng.reporters.JUnitReportReporter -->
<testsuite hostname="CL-NB-353" name="belcorp.test.AñadirProductosBolsa.CPA_12_Añadir_Un_Producto" tests="1" failures="0" timestamp="4 Oct 2017 23:11:24 GMT" time="21.143" errors="0">
  <testcase name="CPA_01" time="21.143" classname="belcorp.test.AñadirProductosBolsa.CPA_12_Añadir_Un_Producto"/>
</testsuite> <!-- belcorp.test.AñadirProductosBolsa.CPA_12_Añadir_Un_Producto -->
