<?xml version="1.0" encoding="UTF-8"?>
<!-- Generated by org.testng.reporters.JUnitReportReporter -->
<testsuite hostname="CL-NB-353" name="belcorp.test.Checkout.CPA_020_Registrar_AgregarNuevaDireccion_Comprar" tests="1" failures="0" timestamp="12 Oct 2017 10:21:54 GMT" time="140.070" errors="0">
  <testcase name="Registrar_AgregarNuevaDireccion_Comprar" time="140.070" classname="belcorp.test.Checkout.CPA_020_Registrar_AgregarNuevaDireccion_Comprar"/>
</testsuite> <!-- belcorp.test.Checkout.CPA_020_Registrar_AgregarNuevaDireccion_Comprar -->
