<?xml version="1.0" encoding="UTF-8"?>
<!-- Generated by org.testng.reporters.JUnitReportReporter -->
<testsuite hostname="CL-NB-353" name="belcorp.test.Checkout.CPA_022_Logear_AgregarNuevaDireccion_Comprar" tests="1" failures="0" timestamp="4 Oct 2017 20:10:23 GMT" time="73.097" errors="0">
  <testcase name="CPA_022" time="73.097" classname="belcorp.test.Checkout.CPA_022_Logear_AgregarNuevaDireccion_Comprar"/>
</testsuite> <!-- belcorp.test.Checkout.CPA_022_Logear_AgregarNuevaDireccion_Comprar -->
