<?xml version="1.0" encoding="UTF-8"?>
<!-- Generated by org.testng.reporters.JUnitReportReporter -->
<testsuite hostname="CL-NB-353" name="belcorp.test.T01_LoginBelcorp" tests="1" failures="0" timestamp="22 Sep 2017 16:11:01 GMT" time="13.840" errors="0">
  <testcase name="Login_01" time="13.840" classname="belcorp.test.T01_LoginBelcorp"/>
</testsuite> <!-- belcorp.test.T01_LoginBelcorp -->
