<?xml version="1.0" encoding="UTF-8"?>
<!-- Generated by org.testng.reporters.JUnitReportReporter -->
<testsuite hostname="CL-NB-353" name="belcorp.test.AñadirProductosBolsa.CPA_01_Añadir_Un_Producto" tests="1" failures="0" timestamp="26 Sep 2017 13:26:49 GMT" time="24.641" errors="0">
  <testcase name="CPA_01" time="24.641" classname="belcorp.test.AñadirProductosBolsa.CPA_01_Añadir_Un_Producto"/>
</testsuite> <!-- belcorp.test.AñadirProductosBolsa.CPA_01_Añadir_Un_Producto -->
