<?xml version="1.0" encoding="UTF-8"?>
<!-- Generated by org.testng.reporters.JUnitReportReporter -->
<testsuite hostname="CL-NB-353" name="belcorp.test.MiCuentaOpciones.CPA_04_MiCuenta_Direccion_Predeterminada" tests="1" failures="0" timestamp="22 Sep 2017 14:10:59 GMT" time="17.754" errors="0">
  <testcase name="CPA_04" time="17.754" classname="belcorp.test.MiCuentaOpciones.CPA_04_MiCuenta_Direccion_Predeterminada"/>
</testsuite> <!-- belcorp.test.MiCuentaOpciones.CPA_04_MiCuenta_Direccion_Predeterminada -->
