<?xml version="1.0" encoding="UTF-8"?>
<!-- Generated by org.testng.reporters.JUnitReportReporter -->
<testsuite hostname="CL-NB-353" name="belcorp.test.Checkout.CPA_020_Registrar_AgregarNuevaDireccion_Comprar" tests="1" failures="0" timestamp="4 Oct 2017 20:06:26 GMT" time="81.029" errors="0">
  <testcase name="CPA_020_Registrar" time="81.029" classname="belcorp.test.Checkout.CPA_020_Registrar_AgregarNuevaDireccion_Comprar"/>
</testsuite> <!-- belcorp.test.Checkout.CPA_020_Registrar_AgregarNuevaDireccion_Comprar -->
