<?xml version="1.0" encoding="UTF-8"?>
<!-- Generated by org.testng.reporters.JUnitReportReporter -->
<testsuite hostname="CL-NB-353" name="belcorp.test.Checkout.CPA_022_Logear_AgregarNuevaDireccion_Comprar" tests="1" failures="0" timestamp="12 Oct 2017 11:30:19 GMT" time="140.683" errors="0">
  <testcase name="Logear_AgregarNuevaDireccion_Comprar" time="140.683" classname="belcorp.test.Checkout.CPA_022_Logear_AgregarNuevaDireccion_Comprar"/>
</testsuite> <!-- belcorp.test.Checkout.CPA_022_Logear_AgregarNuevaDireccion_Comprar -->
