<?xml version="1.0" encoding="UTF-8"?>
<!-- Generated by org.testng.reporters.JUnitReportReporter -->
<testsuite hostname="CL-NB-353" name="belcorp.test.AñadirProductosBolsa.CPA_02_Añadir_Varios_Productos" tests="1" failures="0" timestamp="26 Sep 2017 13:28:30 GMT" time="19.102" errors="0">
  <testcase name="CPA_02" time="19.102" classname="belcorp.test.AñadirProductosBolsa.CPA_02_Añadir_Varios_Productos"/>
</testsuite> <!-- belcorp.test.AñadirProductosBolsa.CPA_02_Añadir_Varios_Productos -->
