<?xml version="1.0" encoding="UTF-8"?>
<!-- Generated by org.testng.reporters.JUnitReportReporter -->
<testsuite hostname="CL-NB-328" name="belcorp.test.LoginBusquedaProducto.CPA_09_Busqueda_Categoria" tests="1" failures="0" timestamp="6 Oct 2017 18:03:23 GMT" time="37.693" errors="0">
  <testcase name="Busqueda_Categoria" time="37.693" classname="belcorp.test.LoginBusquedaProducto.CPA_09_Busqueda_Categoria"/>
</testsuite> <!-- belcorp.test.LoginBusquedaProducto.CPA_09_Busqueda_Categoria -->
