<?xml version="1.0" encoding="UTF-8"?>
<!-- Generated by org.testng.reporters.JUnitReportReporter -->
<testsuite hostname="CL-NB-353" name="belcorp.test.AñadirProductosBolsa.CPA_03_Ver_Bolsa_No_Añadir_Producto" tests="1" failures="0" timestamp="25 Sep 2017 16:19:33 GMT" time="19.809" errors="0">
  <testcase name="CPA_03" time="19.809" classname="belcorp.test.AñadirProductosBolsa.CPA_03_Ver_Bolsa_No_Añadir_Producto"/>
</testsuite> <!-- belcorp.test.AñadirProductosBolsa.CPA_03_Ver_Bolsa_No_Añadir_Producto -->
