<?xml version="1.0" encoding="UTF-8"?>
<!-- Generated by org.testng.reporters.JUnitReportReporter -->
<testsuite hostname="CL-NB-328" name="belcorp.test.T01_LoginBelcorp" tests="1" failures="0" timestamp="3 Oct 2017 21:32:25 GMT" time="16.080" errors="0">
  <testcase name="CPA_01" time="16.080" classname="belcorp.test.T01_LoginBelcorp"/>
</testsuite> <!-- belcorp.test.T01_LoginBelcorp -->
