<?xml version="1.0" encoding="UTF-8"?>
<!-- Generated by org.testng.reporters.JUnitReportReporter -->
<testsuite hostname="CL-NB-353" name="belcorp.test.CarritoBolsaCompra.CPA_01_Cupon_Valido_Bolsa_Productos" tests="1" failures="0" timestamp="26 Sep 2017 18:54:29 GMT" time="44.151" errors="0">
  <testcase name="CPA_01" time="44.151" classname="belcorp.test.CarritoBolsaCompra.CPA_01_Cupon_Valido_Bolsa_Productos"/>
</testsuite> <!-- belcorp.test.CarritoBolsaCompra.CPA_01_Cupon_Valido_Bolsa_Productos -->
