<?xml version="1.0" encoding="UTF-8"?>
<!-- Generated by org.testng.reporters.JUnitReportReporter -->
<testsuite hostname="CL-NB-353" name="belcorp.test.AñadirProductosBolsa.CPA_14_Ver_Bolsa_No_Añadir_Producto" tests="1" failures="0" timestamp="11 Oct 2017 20:35:25 GMT" time="22.586" errors="0">
  <testcase name="Ver_Bolsa_No_Añadir_Producto" time="22.586" classname="belcorp.test.AñadirProductosBolsa.CPA_14_Ver_Bolsa_No_Añadir_Producto"/>
</testsuite> <!-- belcorp.test.AñadirProductosBolsa.CPA_14_Ver_Bolsa_No_Añadir_Producto -->
