<?xml version="1.0" encoding="UTF-8"?>
<!-- Generated by org.testng.reporters.JUnitReportReporter -->
<testsuite hostname="CL-NB-353" name="belcorp.test.Checkout.CPA_024_Registrar_AgregarNuevaDireccion_Comprar" tests="1" failures="0" timestamp="12 Oct 2017 16:18:58 GMT" time="197.090" errors="0">
  <testcase name="CPA_024_Registrar_AgregarNuevaDireccion_Comprar" time="197.090" classname="belcorp.test.Checkout.CPA_024_Registrar_AgregarNuevaDireccion_Comprar"/>
</testsuite> <!-- belcorp.test.Checkout.CPA_024_Registrar_AgregarNuevaDireccion_Comprar -->
