<?xml version="1.0" encoding="UTF-8"?>
<!-- Generated by org.testng.reporters.JUnitReportReporter -->
<testsuite hostname="CL-NB-353" name="belcorp.test.AñadirProductosBolsa.CPA_12_Añadir_Un_Producto" tests="1" failures="0" timestamp="29 Sep 2017 12:56:04 GMT" time="26.962" errors="0">
  <testcase name="CPA_01" time="26.962" classname="belcorp.test.AñadirProductosBolsa.CPA_12_Añadir_Un_Producto"/>
</testsuite> <!-- belcorp.test.AñadirProductosBolsa.CPA_12_Añadir_Un_Producto -->
