<?xml version="1.0" encoding="UTF-8"?>
<!-- Generated by org.testng.reporters.JUnitReportReporter -->
<testsuite hostname="CL-NB-353" name="belcorp.test.CarritoBolsaCompra.CPA_17_Eliminar_Prod_A_Cupon_Valido_C_Comprando" tests="1" failures="0" timestamp="10 Oct 2017 14:15:41 GMT" time="63.828" errors="0">
  <testcase name="Eliminar_Prod_A_Cupon_Valido_C_Comprando" time="63.828" classname="belcorp.test.CarritoBolsaCompra.CPA_17_Eliminar_Prod_A_Cupon_Valido_C_Comprando"/>
</testsuite> <!-- belcorp.test.CarritoBolsaCompra.CPA_17_Eliminar_Prod_A_Cupon_Valido_C_Comprando -->
