<?xml version="1.0" encoding="UTF-8"?>
<!-- Generated by org.testng.reporters.JUnitReportReporter -->
<testsuite hostname="CL-NB-353" name="belcorp.test.RegistroLogin.CPA_01_Login_usuario_existente" tests="1" failures="0" timestamp="12 Oct 2017 18:48:45 GMT" time="20.717" errors="0">
  <testcase name="Login_usuario_existente" time="20.717" classname="belcorp.test.RegistroLogin.CPA_01_Login_usuario_existente"/>
</testsuite> <!-- belcorp.test.RegistroLogin.CPA_01_Login_usuario_existente -->
