<?xml version="1.0" encoding="UTF-8"?>
<!-- Generated by org.testng.reporters.JUnitReportReporter -->
<testsuite hostname="CL-NB-353" name="belcorp.test.AñadirProductosBolsa.CPA_13_Anadir_Varios_Productos" tests="1" failures="0" timestamp="12 Oct 2017 04:32:41 GMT" time="86.928" errors="0">
  <testcase name="Anadir_Varios_Productos" time="86.928" classname="belcorp.test.AñadirProductosBolsa.CPA_13_Anadir_Varios_Productos"/>
</testsuite> <!-- belcorp.test.AñadirProductosBolsa.CPA_13_Anadir_Varios_Productos -->
