<?xml version="1.0" encoding="UTF-8"?>
<!-- Generated by org.testng.reporters.JUnitReportReporter -->
<testsuite hostname="CL-NB-353" name="belcorp.test.Checkout.CPA_020_Registrar_AgregarNuevaDireccion_Comprar" tests="1" failures="0" timestamp="5 Oct 2017 21:57:36 GMT" time="68.653" errors="0">
  <testcase name="CPA_020_Registrar" time="68.653" classname="belcorp.test.Checkout.CPA_020_Registrar_AgregarNuevaDireccion_Comprar"/>
</testsuite> <!-- belcorp.test.Checkout.CPA_020_Registrar_AgregarNuevaDireccion_Comprar -->
