<?xml version="1.0" encoding="UTF-8"?>
<!-- Generated by org.testng.reporters.JUnitReportReporter -->
<testsuite hostname="CL-NB-353" name="belcorp.test.RegistroLogin.CPA_04_Login_facebook_usuario_no_belcorp" tests="1" failures="0" timestamp="5 Oct 2017 00:10:09 GMT" time="25.826" errors="0">
  <testcase name="Login_usuario_facebook" time="25.826" classname="belcorp.test.RegistroLogin.CPA_04_Login_facebook_usuario_no_belcorp"/>
</testsuite> <!-- belcorp.test.RegistroLogin.CPA_04_Login_facebook_usuario_no_belcorp -->
