<?xml version="1.0" encoding="UTF-8"?>
<!-- Generated by org.testng.reporters.JUnitReportReporter -->
<testsuite hostname="CL-NB-353" name="belcorp.test.CarritoBolsaCompra.CPA_16_Cupon_Valido_Contiua_Comprando" tests="1" failures="0" timestamp="26 Sep 2017 20:18:54 GMT" time="64.212" errors="0">
  <testcase name="CPA_16" time="64.212" classname="belcorp.test.CarritoBolsaCompra.CPA_16_Cupon_Valido_Contiua_Comprando"/>
</testsuite> <!-- belcorp.test.CarritoBolsaCompra.CPA_16_Cupon_Valido_Contiua_Comprando -->
