<?xml version="1.0" encoding="UTF-8"?>
<!-- Generated by org.testng.reporters.JUnitReportReporter -->
<testsuite hostname="CL-NB-353" name="belcorp.test.Checkout.CPA_021_Registrar_DireccionDefecto_Comprar" tests="1" failures="0" timestamp="3 Oct 2017 12:50:45 GMT" time="28.230" errors="0">
  <testcase name="CPA_021_Registrar" time="28.230" classname="belcorp.test.Checkout.CPA_021_Registrar_DireccionDefecto_Comprar"/>
</testsuite> <!-- belcorp.test.Checkout.CPA_021_Registrar_DireccionDefecto_Comprar -->
