<?xml version="1.0" encoding="UTF-8"?>
<!-- Generated by org.testng.reporters.JUnitReportReporter -->
<testsuite hostname="CL-NB-353" name="belcorp.test.Checkout.CPA_022_Logear_AgregarNuevaDireccion_Comprar" tests="1" failures="0" timestamp="5 Oct 2017 15:12:06 GMT" time="65.029" errors="0">
  <testcase name="CPA_022" time="65.029" classname="belcorp.test.Checkout.CPA_022_Logear_AgregarNuevaDireccion_Comprar"/>
</testsuite> <!-- belcorp.test.Checkout.CPA_022_Logear_AgregarNuevaDireccion_Comprar -->
