<?xml version="1.0" encoding="UTF-8"?>
<!-- Generated by org.testng.reporters.JUnitReportReporter -->
<testsuite hostname="CL-NB-353" name="belcorp.test.CarritoBolsaCompra.CPA_05_C_Compra_Agregar_Continua_Comprando" tests="1" failures="0" timestamp="25 Sep 2017 20:06:32 GMT" time="85.691" errors="0">
  <testcase name="CPA_05" time="85.691" classname="belcorp.test.CarritoBolsaCompra.CPA_05_C_Compra_Agregar_Continua_Comprando"/>
</testsuite> <!-- belcorp.test.CarritoBolsaCompra.CPA_05_C_Compra_Agregar_Continua_Comprando -->
