<?xml version="1.0" encoding="UTF-8"?>
<!-- Generated by org.testng.reporters.JUnitReportReporter -->
<testsuite hostname="CL-NB-353" name="belcorp.test.Checkout.CPA_023_Logear_DireccionDefecto_Comprar" tests="1" failures="0" timestamp="12 Oct 2017 13:22:28 GMT" time="339.640" errors="0">
  <testcase name="CPA_023_Logear_DireccionDefecto_Comprar" time="339.640" classname="belcorp.test.Checkout.CPA_023_Logear_DireccionDefecto_Comprar"/>
</testsuite> <!-- belcorp.test.Checkout.CPA_023_Logear_DireccionDefecto_Comprar -->
