<?xml version="1.0" encoding="UTF-8"?>
<!-- Generated by org.testng.reporters.JUnitReportReporter -->
<testsuite hostname="CL-NB-353" name="belcorp.test.CarritoBolsaCompra.CPA_16_Cupon_Valido_Contiua_Comprando" tests="1" failures="0" timestamp="12 Oct 2017 00:36:02 GMT" time="50.566" errors="0">
  <testcase name="Cupon_Valido_Contiua_Comprando" time="50.566" classname="belcorp.test.CarritoBolsaCompra.CPA_16_Cupon_Valido_Contiua_Comprando"/>
</testsuite> <!-- belcorp.test.CarritoBolsaCompra.CPA_16_Cupon_Valido_Contiua_Comprando -->
