<?xml version="1.0" encoding="UTF-8"?>
<!-- Generated by org.testng.reporters.JUnitReportReporter -->
<testsuite hostname="CL-NB-328" name="belcorp.test.CPA_01_Login_usuario_existente" tests="1" failures="0" timestamp="3 Oct 2017 17:55:54 GMT" time="15.530" errors="0">
  <testcase name="Login_usuario_existente" time="15.530" classname="belcorp.test.CPA_01_Login_usuario_existente"/>
</testsuite> <!-- belcorp.test.CPA_01_Login_usuario_existente -->
