<?xml version="1.0" encoding="UTF-8"?>
<!-- Generated by org.testng.reporters.JUnitReportReporter -->
<testsuite hostname="CL-NB-353" name="belcorp.test.MiCuentaOpciones.CPA_03_MiCuenta_Agregar_Direccion" tests="1" failures="0" timestamp="22 Sep 2017 14:36:28 GMT" time="23.932" errors="0">
  <testcase name="CPA_03" time="23.932" classname="belcorp.test.MiCuentaOpciones.CPA_03_MiCuenta_Agregar_Direccion"/>
</testsuite> <!-- belcorp.test.MiCuentaOpciones.CPA_03_MiCuenta_Agregar_Direccion -->
