<?xml version="1.0" encoding="UTF-8"?>
<!-- Generated by org.testng.reporters.JUnitReportReporter -->
<testsuite hostname="CL-NB-353" name="belcorp.test.CarritoBolsaCompra.CPA_15_Cupon_Valido_Bolsa_Productos" tests="1" failures="0" timestamp="26 Sep 2017 19:57:52 GMT" time="47.002" errors="0">
  <testcase name="CPA_01" time="47.002" classname="belcorp.test.CarritoBolsaCompra.CPA_15_Cupon_Valido_Bolsa_Productos"/>
</testsuite> <!-- belcorp.test.CarritoBolsaCompra.CPA_15_Cupon_Valido_Bolsa_Productos -->
