<?xml version="1.0" encoding="UTF-8"?>
<!-- Generated by org.testng.reporters.JUnitReportReporter -->
<testsuite hostname="CL-NB-353" name="belcorp.test.CPA_01_Login_usuario_existente" tests="1" failures="0" timestamp="26 Sep 2017 17:29:06 GMT" time="18.040" errors="0">
  <testcase name="Login_usuario_existente" time="18.040" classname="belcorp.test.CPA_01_Login_usuario_existente"/>
</testsuite> <!-- belcorp.test.CPA_01_Login_usuario_existente -->
