<?xml version="1.0" encoding="UTF-8"?>
<!-- Generated by org.testng.reporters.JUnitReportReporter -->
<testsuite hostname="CL-NB-353" name="belcorp.test.CarritoBolsaCompra.CPA_19_C_Compra_Agregar_Continua_Comprando" tests="1" failures="0" timestamp="12 Oct 2017 08:20:58 GMT" time="58.061" errors="0">
  <testcase name="C_Compra_Agregar_Continua_Comprando" time="58.061" classname="belcorp.test.CarritoBolsaCompra.CPA_19_C_Compra_Agregar_Continua_Comprando"/>
</testsuite> <!-- belcorp.test.CarritoBolsaCompra.CPA_19_C_Compra_Agregar_Continua_Comprando -->
