<?xml version="1.0" encoding="UTF-8"?>
<!-- Generated by org.testng.reporters.JUnitReportReporter -->
<testsuite hostname="CL-NB-353" name="belcorp.test.AñadirProductosBolsa.CPA_12_Añadir_Un_Producto" tests="1" failures="0" timestamp="11 Oct 2017 20:39:41 GMT" time="33.014" errors="0">
  <testcase name="Anadir_Un_Producto" time="33.014" classname="belcorp.test.AñadirProductosBolsa.CPA_12_Añadir_Un_Producto"/>
</testsuite> <!-- belcorp.test.AñadirProductosBolsa.CPA_12_Añadir_Un_Producto -->
