<?xml version="1.0" encoding="UTF-8"?>
<!-- Generated by org.testng.reporters.JUnitReportReporter -->
<testsuite hostname="CL-NB-353" name="belcorp.test.CarritoBolsaCompra.CPA_18_Eliminar_Prod_Pagar_CheckOut" tests="1" failures="0" timestamp="26 Sep 2017 20:48:30 GMT" time="41.588" errors="0">
  <testcase name="CPA_16" time="41.588" classname="belcorp.test.CarritoBolsaCompra.CPA_18_Eliminar_Prod_Pagar_CheckOut"/>
</testsuite> <!-- belcorp.test.CarritoBolsaCompra.CPA_18_Eliminar_Prod_Pagar_CheckOut -->
