<?xml version="1.0" encoding="UTF-8"?>
<!-- Generated by org.testng.reporters.JUnitReportReporter -->
<testsuite hostname="CL-NB-353" name="belcorp.test.LoginBusquedaProducto.CPA_10_Busqueda_Cat_SubCategoria" tests="1" failures="0" timestamp="3 Oct 2017 13:00:54 GMT" time="25.563" errors="0">
  <testcase name="CPA_10" time="25.563" classname="belcorp.test.LoginBusquedaProducto.CPA_10_Busqueda_Cat_SubCategoria"/>
</testsuite> <!-- belcorp.test.LoginBusquedaProducto.CPA_10_Busqueda_Cat_SubCategoria -->
