<?xml version="1.0" encoding="UTF-8"?>
<!-- Generated by org.testng.reporters.JUnitReportReporter -->
<testsuite hostname="CL-NB-353" name="belcorp.test.CarritoBolsaCompra.CPA_15_Cupon_Valido_Bolsa_Productos" tests="1" failures="0" timestamp="10 Oct 2017 04:00:32 GMT" time="48.670" errors="0">
  <testcase name="Cupon_Valido_Bolsa_Productos" time="48.670" classname="belcorp.test.CarritoBolsaCompra.CPA_15_Cupon_Valido_Bolsa_Productos"/>
</testsuite> <!-- belcorp.test.CarritoBolsaCompra.CPA_15_Cupon_Valido_Bolsa_Productos -->
