<?xml version="1.0" encoding="UTF-8"?>
<!-- Generated by org.testng.reporters.JUnitReportReporter -->
<testsuite hostname="CL-NB-353" name="belcorp.test.AñadirProductosBolsa.CPA_14_Ver_Bolsa_No_Añadir_Producto" tests="1" failures="0" timestamp="5 Oct 2017 19:25:42 GMT" time="23.048" errors="0">
  <testcase name="CPA_03" time="23.048" classname="belcorp.test.AñadirProductosBolsa.CPA_14_Ver_Bolsa_No_Añadir_Producto"/>
</testsuite> <!-- belcorp.test.AñadirProductosBolsa.CPA_14_Ver_Bolsa_No_Añadir_Producto -->
