<?xml version="1.0" encoding="UTF-8"?>
<!-- Generated by org.testng.reporters.JUnitReportReporter -->
<testsuite hostname="CL-NB-353" name="belcorp.test.LoginBusquedaProducto.CPA_11_Busqueda_Barra_SKU" tests="1" failures="0" timestamp="5 Oct 2017 00:41:51 GMT" time="20.955" errors="0">
  <testcase name="CPA_11" time="20.955" classname="belcorp.test.LoginBusquedaProducto.CPA_11_Busqueda_Barra_SKU"/>
</testsuite> <!-- belcorp.test.LoginBusquedaProducto.CPA_11_Busqueda_Barra_SKU -->
