<?xml version="1.0" encoding="UTF-8"?>
<!-- Generated by org.testng.reporters.JUnitReportReporter -->
<testsuite hostname="CL-NB-353" name="belcorp.test.CarritoBolsaCompra.CPA_19_C_Compra_Agregar_Continua_Comprando" tests="1" failures="0" timestamp="10 Oct 2017 14:30:27 GMT" time="58.732" errors="0">
  <testcase name="C_Compra_Agregar_Continua_Comprando" time="58.732" classname="belcorp.test.CarritoBolsaCompra.CPA_19_C_Compra_Agregar_Continua_Comprando"/>
</testsuite> <!-- belcorp.test.CarritoBolsaCompra.CPA_19_C_Compra_Agregar_Continua_Comprando -->
