<?xml version="1.0" encoding="UTF-8"?>
<!-- Generated by org.testng.reporters.JUnitReportReporter -->
<testsuite hostname="CL-NB-353" name="belcorp.test.AñadirProductosBolsa.CPA_13_Añadir_Varios_Productos" tests="1" failures="0" timestamp="11 Oct 2017 19:55:21 GMT" time="68.478" errors="0">
  <testcase name="Añadir_Varios_Productos" time="68.478" classname="belcorp.test.AñadirProductosBolsa.CPA_13_Añadir_Varios_Productos"/>
</testsuite> <!-- belcorp.test.AñadirProductosBolsa.CPA_13_Añadir_Varios_Productos -->
