<?xml version="1.0" encoding="UTF-8"?>
<!-- Generated by org.testng.reporters.JUnitReportReporter -->
<testsuite hostname="CL-NB-353" name="belcorp.test.CarritoBolsaCompra.CPA_15_Cupon_Valido_Bolsa_Productos" tests="1" failures="0" timestamp="5 Oct 2017 19:26:41 GMT" time="42.505" errors="0">
  <testcase name="CPA_15" time="42.505" classname="belcorp.test.CarritoBolsaCompra.CPA_15_Cupon_Valido_Bolsa_Productos"/>
</testsuite> <!-- belcorp.test.CarritoBolsaCompra.CPA_15_Cupon_Valido_Bolsa_Productos -->
