<?xml version="1.0" encoding="UTF-8"?>
<!-- Generated by org.testng.reporters.JUnitReportReporter -->
<testsuite hostname="CL-NB-353" name="belcorp.test.MiCuentaOpciones.CPA_02_MiCuenta_Cambiar_Contraseña" tests="1" failures="0" timestamp="22 Sep 2017 17:57:31 GMT" time="18.283" errors="0">
  <testcase name="CPA_02" time="18.283" classname="belcorp.test.MiCuentaOpciones.CPA_02_MiCuenta_Cambiar_Contraseña"/>
</testsuite> <!-- belcorp.test.MiCuentaOpciones.CPA_02_MiCuenta_Cambiar_Contraseña -->
