<?xml version="1.0" encoding="UTF-8"?>
<!-- Generated by org.testng.reporters.JUnitReportReporter -->
<testsuite hostname="CL-NB-353" name="belcorp.test.CarritoBolsaCompra.CPA_18_Eliminar_Prod_Pagar_CheckOut" tests="1" failures="0" timestamp="10 Oct 2017 05:09:15 GMT" time="59.447" errors="0">
  <testcase name="CPA_18" time="59.447" classname="belcorp.test.CarritoBolsaCompra.CPA_18_Eliminar_Prod_Pagar_CheckOut"/>
</testsuite> <!-- belcorp.test.CarritoBolsaCompra.CPA_18_Eliminar_Prod_Pagar_CheckOut -->
