<?xml version="1.0" encoding="UTF-8"?>
<!-- Generated by org.testng.reporters.JUnitReportReporter -->
<testsuite hostname="CL-NB-353" name="belcorp.test.AñadirProductosBolsa.CPA_13_Añadir_Varios_Productos" tests="1" failures="0" timestamp="5 Oct 2017 19:19:20 GMT" time="61.694" errors="0">
  <testcase name="CPA_02" time="61.694" classname="belcorp.test.AñadirProductosBolsa.CPA_13_Añadir_Varios_Productos"/>
</testsuite> <!-- belcorp.test.AñadirProductosBolsa.CPA_13_Añadir_Varios_Productos -->
