<?xml version="1.0" encoding="UTF-8"?>
<!-- Generated by org.testng.reporters.JUnitReportReporter -->
<testsuite hostname="CL-NB-353" name="belcorp.test.Checkout.CPA_024_Registrar_AgregarNuevaDireccion_Comprar" tests="1" failures="0" timestamp="4 Oct 2017 22:23:17 GMT" time="56.578" errors="0">
  <testcase name="CPA_024_Registrar_AgregarNuevaDireccion_Comprar" time="56.578" classname="belcorp.test.Checkout.CPA_024_Registrar_AgregarNuevaDireccion_Comprar"/>
</testsuite> <!-- belcorp.test.Checkout.CPA_024_Registrar_AgregarNuevaDireccion_Comprar -->
